11-Dec-2020 10:38:11.495 INFO [main] org.apache.catalina.startup.VersionLoggerListener.log Server version name:   Apache Tomcat/9.0.39
11-Dec-2020 10:38:11.498 INFO [main] org.apache.catalina.startup.VersionLoggerListener.log Server built:          Oct 6 2020 14:11:46 UTC
11-Dec-2020 10:38:11.498 INFO [main] org.apache.catalina.startup.VersionLoggerListener.log Server version number: 9.0.39.0
11-Dec-2020 10:38:11.498 INFO [main] org.apache.catalina.startup.VersionLoggerListener.log OS Name:               Mac OS X
11-Dec-2020 10:38:11.498 INFO [main] org.apache.catalina.startup.VersionLoggerListener.log OS Version:            10.16
11-Dec-2020 10:38:11.498 INFO [main] org.apache.catalina.startup.VersionLoggerListener.log Architecture:          x86_64
11-Dec-2020 10:38:11.498 INFO [main] org.apache.catalina.startup.VersionLoggerListener.log Java Home:             /Library/Java/JavaVirtualMachines/adoptopenjdk-11.jdk/Contents/Home
11-Dec-2020 10:38:11.498 INFO [main] org.apache.catalina.startup.VersionLoggerListener.log JVM Version:           11.0.8+10
11-Dec-2020 10:38:11.499 INFO [main] org.apache.catalina.startup.VersionLoggerListener.log JVM Vendor:            AdoptOpenJDK
11-Dec-2020 10:38:11.499 INFO [main] org.apache.catalina.startup.VersionLoggerListener.log CATALINA_BASE:         /Users/argenisdominguez/Desktop/Project0/apache-tomcat-9.0.39
11-Dec-2020 10:38:11.499 INFO [main] org.apache.catalina.startup.VersionLoggerListener.log CATALINA_HOME:         /Users/argenisdominguez/Desktop/Project0/apache-tomcat-9.0.39
11-Dec-2020 10:38:11.511 INFO [main] org.apache.catalina.startup.VersionLoggerListener.log Command line argument: --add-opens=java.base/java.lang=ALL-UNNAMED
11-Dec-2020 10:38:11.511 INFO [main] org.apache.catalina.startup.VersionLoggerListener.log Command line argument: --add-opens=java.base/java.io=ALL-UNNAMED
11-Dec-2020 10:38:11.511 INFO [main] org.apache.catalina.startup.VersionLoggerListener.log Command line argument: --add-opens=java.rmi/sun.rmi.transport=ALL-UNNAMED
11-Dec-2020 10:38:11.512 INFO [main] org.apache.catalina.startup.VersionLoggerListener.log Command line argument: -Djava.util.logging.config.file=/Users/argenisdominguez/Desktop/Project0/apache-tomcat-9.0.39/conf/logging.properties
11-Dec-2020 10:38:11.512 INFO [main] org.apache.catalina.startup.VersionLoggerListener.log Command line argument: -Djava.util.logging.manager=org.apache.juli.ClassLoaderLogManager
11-Dec-2020 10:38:11.512 INFO [main] org.apache.catalina.startup.VersionLoggerListener.log Command line argument: -Djdk.tls.ephemeralDHKeySize=2048
11-Dec-2020 10:38:11.512 INFO [main] org.apache.catalina.startup.VersionLoggerListener.log Command line argument: -Djava.protocol.handler.pkgs=org.apache.catalina.webresources
11-Dec-2020 10:38:11.512 INFO [main] org.apache.catalina.startup.VersionLoggerListener.log Command line argument: -Dorg.apache.catalina.security.SecurityListener.UMASK=0027
11-Dec-2020 10:38:11.512 INFO [main] org.apache.catalina.startup.VersionLoggerListener.log Command line argument: -Dignore.endorsed.dirs=
11-Dec-2020 10:38:11.512 INFO [main] org.apache.catalina.startup.VersionLoggerListener.log Command line argument: -Dcatalina.base=/Users/argenisdominguez/Desktop/Project0/apache-tomcat-9.0.39
11-Dec-2020 10:38:11.512 INFO [main] org.apache.catalina.startup.VersionLoggerListener.log Command line argument: -Dcatalina.home=/Users/argenisdominguez/Desktop/Project0/apache-tomcat-9.0.39
11-Dec-2020 10:38:11.512 INFO [main] org.apache.catalina.startup.VersionLoggerListener.log Command line argument: -Djava.io.tmpdir=/Users/argenisdominguez/Desktop/Project0/apache-tomcat-9.0.39/temp
11-Dec-2020 10:38:11.514 INFO [main] org.apache.catalina.core.AprLifecycleListener.lifecycleEvent The Apache Tomcat Native library which allows using OpenSSL was not found on the java.library.path: [/Users/argenisdominguez/Library/Java/Extensions:/Library/Java/Extensions:/Network/Library/Java/Extensions:/System/Library/Java/Extensions:/usr/lib/java:.]
11-Dec-2020 10:38:11.777 INFO [main] org.apache.coyote.AbstractProtocol.init Initializing ProtocolHandler ["http-nio-8080"]
11-Dec-2020 10:38:11.817 INFO [main] org.apache.catalina.startup.Catalina.load Server initialization in [513] milliseconds
11-Dec-2020 10:38:11.857 INFO [main] org.apache.catalina.core.StandardService.startInternal Starting service [Catalina]
11-Dec-2020 10:38:11.857 INFO [main] org.apache.catalina.core.StandardEngine.startInternal Starting Servlet engine: [Apache Tomcat/9.0.39]
11-Dec-2020 10:38:11.864 INFO [main] org.apache.catalina.startup.HostConfig.deployDirectory Deploying web application directory [/Users/argenisdominguez/Desktop/Project0/apache-tomcat-9.0.39/webapps/docs]
11-Dec-2020 10:38:12.088 INFO [main] org.apache.catalina.startup.HostConfig.deployDirectory Deployment of web application directory [/Users/argenisdominguez/Desktop/Project0/apache-tomcat-9.0.39/webapps/docs] has finished in [223] ms
11-Dec-2020 10:38:12.088 INFO [main] org.apache.catalina.startup.HostConfig.deployDirectory Deploying web application directory [/Users/argenisdominguez/Desktop/Project0/apache-tomcat-9.0.39/webapps/manager]
11-Dec-2020 10:38:12.118 INFO [main] org.apache.catalina.startup.HostConfig.deployDirectory Deployment of web application directory [/Users/argenisdominguez/Desktop/Project0/apache-tomcat-9.0.39/webapps/manager] has finished in [30] ms
11-Dec-2020 10:38:12.118 INFO [main] org.apache.catalina.startup.HostConfig.deployDirectory Deploying web application directory [/Users/argenisdominguez/Desktop/Project0/apache-tomcat-9.0.39/webapps/examples]
11-Dec-2020 10:38:12.339 INFO [main] org.apache.catalina.startup.HostConfig.deployDirectory Deployment of web application directory [/Users/argenisdominguez/Desktop/Project0/apache-tomcat-9.0.39/webapps/examples] has finished in [221] ms
11-Dec-2020 10:38:12.339 INFO [main] org.apache.catalina.startup.HostConfig.deployDirectory Deploying web application directory [/Users/argenisdominguez/Desktop/Project0/apache-tomcat-9.0.39/webapps/ROOT]
11-Dec-2020 10:38:12.354 INFO [main] org.apache.catalina.startup.HostConfig.deployDirectory Deployment of web application directory [/Users/argenisdominguez/Desktop/Project0/apache-tomcat-9.0.39/webapps/ROOT] has finished in [15] ms
11-Dec-2020 10:38:12.354 INFO [main] org.apache.catalina.startup.HostConfig.deployDirectory Deploying web application directory [/Users/argenisdominguez/Desktop/Project0/apache-tomcat-9.0.39/webapps/host-manager]
11-Dec-2020 10:38:12.373 INFO [main] org.apache.catalina.startup.HostConfig.deployDirectory Deployment of web application directory [/Users/argenisdominguez/Desktop/Project0/apache-tomcat-9.0.39/webapps/host-manager] has finished in [19] ms
11-Dec-2020 10:38:12.377 INFO [main] org.apache.coyote.AbstractProtocol.start Starting ProtocolHandler ["http-nio-8080"]
11-Dec-2020 10:38:12.384 INFO [main] org.apache.catalina.startup.Catalina.start Server startup in [567] milliseconds
11-Dec-2020 10:41:12.499 INFO [Catalina-utility-1] org.apache.catalina.startup.HostConfig.deployWAR Deploying web application archive [/Users/argenisdominguez/Desktop/Project0/apache-tomcat-9.0.39/webapps/project0.war]
11-Dec-2020 10:41:13.165 INFO [Catalina-utility-1] org.apache.jasper.servlet.TldScanner.scanJars At least one JAR was scanned for TLDs yet contained no TLDs. Enable debug logging for this logger for a complete list of JARs that were scanned but no TLDs were found in them. Skipping unneeded JARs during scanning can improve startup time and JSP compilation time.
11-Dec-2020 10:41:13.169 INFO [Catalina-utility-1] org.apache.catalina.startup.HostConfig.deployWAR Deployment of web application archive [/Users/argenisdominguez/Desktop/Project0/apache-tomcat-9.0.39/webapps/project0.war] has finished in [670] ms
11-Dec-2020 10:42:05.642 INFO [main] org.apache.catalina.core.StandardServer.await A valid shutdown command was received via the shutdown port. Stopping the Server instance.
11-Dec-2020 10:42:05.643 INFO [main] org.apache.coyote.AbstractProtocol.pause Pausing ProtocolHandler ["http-nio-8080"]
11-Dec-2020 10:42:05.653 INFO [main] org.apache.catalina.core.StandardService.stopInternal Stopping service [Catalina]
11-Dec-2020 10:42:05.688 INFO [main] org.apache.coyote.AbstractProtocol.stop Stopping ProtocolHandler ["http-nio-8080"]
11-Dec-2020 10:42:05.705 INFO [main] org.apache.coyote.AbstractProtocol.destroy Destroying ProtocolHandler ["http-nio-8080"]
11-Dec-2020 10:42:16.730 INFO [main] org.apache.catalina.startup.VersionLoggerListener.log Server version name:   Apache Tomcat/9.0.39
11-Dec-2020 10:42:16.733 INFO [main] org.apache.catalina.startup.VersionLoggerListener.log Server built:          Oct 6 2020 14:11:46 UTC
11-Dec-2020 10:42:16.733 INFO [main] org.apache.catalina.startup.VersionLoggerListener.log Server version number: 9.0.39.0
11-Dec-2020 10:42:16.733 INFO [main] org.apache.catalina.startup.VersionLoggerListener.log OS Name:               Mac OS X
11-Dec-2020 10:42:16.733 INFO [main] org.apache.catalina.startup.VersionLoggerListener.log OS Version:            10.16
11-Dec-2020 10:42:16.733 INFO [main] org.apache.catalina.startup.VersionLoggerListener.log Architecture:          x86_64
11-Dec-2020 10:42:16.733 INFO [main] org.apache.catalina.startup.VersionLoggerListener.log Java Home:             /Library/Java/JavaVirtualMachines/adoptopenjdk-11.jdk/Contents/Home
11-Dec-2020 10:42:16.733 INFO [main] org.apache.catalina.startup.VersionLoggerListener.log JVM Version:           11.0.8+10
11-Dec-2020 10:42:16.734 INFO [main] org.apache.catalina.startup.VersionLoggerListener.log JVM Vendor:            AdoptOpenJDK
11-Dec-2020 10:42:16.734 INFO [main] org.apache.catalina.startup.VersionLoggerListener.log CATALINA_BASE:         /Users/argenisdominguez/Desktop/Project0/apache-tomcat-9.0.39
11-Dec-2020 10:42:16.734 INFO [main] org.apache.catalina.startup.VersionLoggerListener.log CATALINA_HOME:         /Users/argenisdominguez/Desktop/Project0/apache-tomcat-9.0.39
11-Dec-2020 10:42:16.746 INFO [main] org.apache.catalina.startup.VersionLoggerListener.log Command line argument: --add-opens=java.base/java.lang=ALL-UNNAMED
11-Dec-2020 10:42:16.747 INFO [main] org.apache.catalina.startup.VersionLoggerListener.log Command line argument: --add-opens=java.base/java.io=ALL-UNNAMED
11-Dec-2020 10:42:16.747 INFO [main] org.apache.catalina.startup.VersionLoggerListener.log Command line argument: --add-opens=java.rmi/sun.rmi.transport=ALL-UNNAMED
11-Dec-2020 10:42:16.747 INFO [main] org.apache.catalina.startup.VersionLoggerListener.log Command line argument: -Djava.util.logging.config.file=/Users/argenisdominguez/Desktop/Project0/apache-tomcat-9.0.39/conf/logging.properties
11-Dec-2020 10:42:16.747 INFO [main] org.apache.catalina.startup.VersionLoggerListener.log Command line argument: -Djava.util.logging.manager=org.apache.juli.ClassLoaderLogManager
11-Dec-2020 10:42:16.747 INFO [main] org.apache.catalina.startup.VersionLoggerListener.log Command line argument: -Djdk.tls.ephemeralDHKeySize=2048
11-Dec-2020 10:42:16.747 INFO [main] org.apache.catalina.startup.VersionLoggerListener.log Command line argument: -Djava.protocol.handler.pkgs=org.apache.catalina.webresources
11-Dec-2020 10:42:16.747 INFO [main] org.apache.catalina.startup.VersionLoggerListener.log Command line argument: -Dorg.apache.catalina.security.SecurityListener.UMASK=0027
11-Dec-2020 10:42:16.747 INFO [main] org.apache.catalina.startup.VersionLoggerListener.log Command line argument: -Dignore.endorsed.dirs=
11-Dec-2020 10:42:16.748 INFO [main] org.apache.catalina.startup.VersionLoggerListener.log Command line argument: -Dcatalina.base=/Users/argenisdominguez/Desktop/Project0/apache-tomcat-9.0.39
11-Dec-2020 10:42:16.748 INFO [main] org.apache.catalina.startup.VersionLoggerListener.log Command line argument: -Dcatalina.home=/Users/argenisdominguez/Desktop/Project0/apache-tomcat-9.0.39
11-Dec-2020 10:42:16.748 INFO [main] org.apache.catalina.startup.VersionLoggerListener.log Command line argument: -Djava.io.tmpdir=/Users/argenisdominguez/Desktop/Project0/apache-tomcat-9.0.39/temp
11-Dec-2020 10:42:16.749 INFO [main] org.apache.catalina.core.AprLifecycleListener.lifecycleEvent The Apache Tomcat Native library which allows using OpenSSL was not found on the java.library.path: [/Users/argenisdominguez/Library/Java/Extensions:/Library/Java/Extensions:/Network/Library/Java/Extensions:/System/Library/Java/Extensions:/usr/lib/java:.]
11-Dec-2020 10:42:17.011 INFO [main] org.apache.coyote.AbstractProtocol.init Initializing ProtocolHandler ["http-nio-8080"]
11-Dec-2020 10:42:17.051 INFO [main] org.apache.catalina.startup.Catalina.load Server initialization in [497] milliseconds
11-Dec-2020 10:42:17.094 INFO [main] org.apache.catalina.core.StandardService.startInternal Starting service [Catalina]
11-Dec-2020 10:42:17.094 INFO [main] org.apache.catalina.core.StandardEngine.startInternal Starting Servlet engine: [Apache Tomcat/9.0.39]
11-Dec-2020 10:42:17.109 INFO [main] org.apache.catalina.startup.HostConfig.deployWAR Deploying web application archive [/Users/argenisdominguez/Desktop/Project0/apache-tomcat-9.0.39/webapps/project0.war]
11-Dec-2020 10:42:17.603 INFO [main] org.apache.jasper.servlet.TldScanner.scanJars At least one JAR was scanned for TLDs yet contained no TLDs. Enable debug logging for this logger for a complete list of JARs that were scanned but no TLDs were found in them. Skipping unneeded JARs during scanning can improve startup time and JSP compilation time.
11-Dec-2020 10:42:17.636 INFO [main] org.apache.catalina.startup.HostConfig.deployWAR Deployment of web application archive [/Users/argenisdominguez/Desktop/Project0/apache-tomcat-9.0.39/webapps/project0.war] has finished in [527] ms
11-Dec-2020 10:42:17.637 INFO [main] org.apache.catalina.startup.HostConfig.deployDirectory Deploying web application directory [/Users/argenisdominguez/Desktop/Project0/apache-tomcat-9.0.39/webapps/docs]
11-Dec-2020 10:42:17.654 INFO [main] org.apache.catalina.startup.HostConfig.deployDirectory Deployment of web application directory [/Users/argenisdominguez/Desktop/Project0/apache-tomcat-9.0.39/webapps/docs] has finished in [18] ms
11-Dec-2020 10:42:17.654 INFO [main] org.apache.catalina.startup.HostConfig.deployDirectory Deploying web application directory [/Users/argenisdominguez/Desktop/Project0/apache-tomcat-9.0.39/webapps/manager]
11-Dec-2020 10:42:17.680 INFO [main] org.apache.catalina.startup.HostConfig.deployDirectory Deployment of web application directory [/Users/argenisdominguez/Desktop/Project0/apache-tomcat-9.0.39/webapps/manager] has finished in [26] ms
11-Dec-2020 10:42:17.680 INFO [main] org.apache.catalina.startup.HostConfig.deployDirectory Deploying web application directory [/Users/argenisdominguez/Desktop/Project0/apache-tomcat-9.0.39/webapps/examples]
11-Dec-2020 10:42:17.872 INFO [main] org.apache.catalina.startup.HostConfig.deployDirectory Deployment of web application directory [/Users/argenisdominguez/Desktop/Project0/apache-tomcat-9.0.39/webapps/examples] has finished in [192] ms
11-Dec-2020 10:42:17.872 INFO [main] org.apache.catalina.startup.HostConfig.deployDirectory Deploying web application directory [/Users/argenisdominguez/Desktop/Project0/apache-tomcat-9.0.39/webapps/ROOT]
11-Dec-2020 10:42:17.884 INFO [main] org.apache.catalina.startup.HostConfig.deployDirectory Deployment of web application directory [/Users/argenisdominguez/Desktop/Project0/apache-tomcat-9.0.39/webapps/ROOT] has finished in [12] ms
11-Dec-2020 10:42:17.884 INFO [main] org.apache.catalina.startup.HostConfig.deployDirectory Deploying web application directory [/Users/argenisdominguez/Desktop/Project0/apache-tomcat-9.0.39/webapps/host-manager]
11-Dec-2020 10:42:17.899 INFO [main] org.apache.catalina.startup.HostConfig.deployDirectory Deployment of web application directory [/Users/argenisdominguez/Desktop/Project0/apache-tomcat-9.0.39/webapps/host-manager] has finished in [15] ms
11-Dec-2020 10:42:17.903 INFO [main] org.apache.coyote.AbstractProtocol.start Starting ProtocolHandler ["http-nio-8080"]
11-Dec-2020 10:42:17.911 INFO [main] org.apache.catalina.startup.Catalina.start Server startup in [859] milliseconds
11-Dec-2020 10:52:38.357 INFO [Catalina-utility-1] org.apache.catalina.startup.HostConfig.undeploy Undeploying context [/project0]
11-Dec-2020 10:52:38.394 WARNING [Catalina-utility-1] org.apache.catalina.loader.WebappClassLoaderBase.clearReferencesJdbc The web application [project0] registered the JDBC driver [org.postgresql.Driver] but failed to unregister it when the web application was stopped. To prevent a memory leak, the JDBC Driver has been forcibly unregistered.
11-Dec-2020 10:52:38.395 WARNING [Catalina-utility-1] org.apache.catalina.loader.WebappClassLoaderBase.clearReferencesJdbc The web application [project0] registered the JDBC driver [org.postgresql.Driver] but failed to unregister it when the web application was stopped. To prevent a memory leak, the JDBC Driver has been forcibly unregistered.
11-Dec-2020 10:52:38.395 WARNING [Catalina-utility-1] org.apache.catalina.loader.WebappClassLoaderBase.clearReferencesJdbc The web application [project0] registered the JDBC driver [org.postgresql.Driver] but failed to unregister it when the web application was stopped. To prevent a memory leak, the JDBC Driver has been forcibly unregistered.
11-Dec-2020 10:52:38.396 WARNING [Catalina-utility-1] org.apache.catalina.loader.WebappClassLoaderBase.clearReferencesThreads The web application [project0] appears to have started a thread named [Log4j2-TF-2-Scheduled-1] but has failed to stop it. This is very likely to create a memory leak. Stack trace of thread:
 java.base@11.0.8/jdk.internal.misc.Unsafe.park(Native Method)
 java.base@11.0.8/java.util.concurrent.locks.LockSupport.parkNanos(LockSupport.java:234)
 java.base@11.0.8/java.util.concurrent.locks.AbstractQueuedSynchronizer$ConditionObject.awaitNanos(AbstractQueuedSynchronizer.java:2123)
 java.base@11.0.8/java.util.concurrent.ScheduledThreadPoolExecutor$DelayedWorkQueue.take(ScheduledThreadPoolExecutor.java:1182)
 java.base@11.0.8/java.util.concurrent.ScheduledThreadPoolExecutor$DelayedWorkQueue.take(ScheduledThreadPoolExecutor.java:899)
 java.base@11.0.8/java.util.concurrent.ThreadPoolExecutor.getTask(ThreadPoolExecutor.java:1054)
 java.base@11.0.8/java.util.concurrent.ThreadPoolExecutor.runWorker(ThreadPoolExecutor.java:1114)
 java.base@11.0.8/java.util.concurrent.ThreadPoolExecutor$Worker.run(ThreadPoolExecutor.java:628)
 java.base@11.0.8/java.lang.Thread.run(Thread.java:834)
11-Dec-2020 10:52:38.417 INFO [Catalina-utility-1] org.apache.catalina.startup.HostConfig.deployWAR Deploying web application archive [/Users/argenisdominguez/Desktop/Project0/apache-tomcat-9.0.39/webapps/project0.war]
11-Dec-2020 10:52:39.018 INFO [Catalina-utility-1] org.apache.jasper.servlet.TldScanner.scanJars At least one JAR was scanned for TLDs yet contained no TLDs. Enable debug logging for this logger for a complete list of JARs that were scanned but no TLDs were found in them. Skipping unneeded JARs during scanning can improve startup time and JSP compilation time.
11-Dec-2020 10:52:39.021 INFO [Catalina-utility-1] org.apache.catalina.startup.HostConfig.deployWAR Deployment of web application archive [/Users/argenisdominguez/Desktop/Project0/apache-tomcat-9.0.39/webapps/project0.war] has finished in [604] ms
11-Dec-2020 10:53:03.763 INFO [Log4j2-TF-2-Scheduled-1] org.apache.catalina.loader.WebappClassLoaderBase.checkStateForResourceLoading Illegal access: this web application instance has been stopped already. Could not load [org.apache.logging.log4j.core.util.AbstractWatcher$ReconfigurationRunnable]. The following stack trace is thrown for debugging purposes as well as to attempt to terminate the thread which caused the illegal access.
	java.lang.IllegalStateException: Illegal access: this web application instance has been stopped already. Could not load [org.apache.logging.log4j.core.util.AbstractWatcher$ReconfigurationRunnable]. The following stack trace is thrown for debugging purposes as well as to attempt to terminate the thread which caused the illegal access.
		at org.apache.catalina.loader.WebappClassLoaderBase.checkStateForResourceLoading(WebappClassLoaderBase.java:1385)
		at org.apache.catalina.loader.WebappClassLoaderBase.checkStateForClassLoading(WebappClassLoaderBase.java:1373)
		at org.apache.catalina.loader.WebappClassLoaderBase.loadClass(WebappClassLoaderBase.java:1226)
		at org.apache.catalina.loader.WebappClassLoaderBase.loadClass(WebappClassLoaderBase.java:1188)
		at org.apache.logging.log4j.core.util.AbstractWatcher.modified(AbstractWatcher.java:54)
		at org.apache.logging.log4j.core.util.WatchManager$WatchRunnable.run(WatchManager.java:311)
		at java.base/java.util.concurrent.Executors$RunnableAdapter.call(Executors.java:515)
		at java.base/java.util.concurrent.FutureTask.runAndReset(FutureTask.java:305)
		at java.base/java.util.concurrent.ScheduledThreadPoolExecutor$ScheduledFutureTask.run(ScheduledThreadPoolExecutor.java:305)
		at java.base/java.util.concurrent.ThreadPoolExecutor.runWorker(ThreadPoolExecutor.java:1128)
		at java.base/java.util.concurrent.ThreadPoolExecutor$Worker.run(ThreadPoolExecutor.java:628)
		at java.base/java.lang.Thread.run(Thread.java:834)
11-Dec-2020 10:53:52.777 INFO [main] org.apache.catalina.core.StandardServer.await A valid shutdown command was received via the shutdown port. Stopping the Server instance.
11-Dec-2020 10:53:52.777 INFO [main] org.apache.coyote.AbstractProtocol.pause Pausing ProtocolHandler ["http-nio-8080"]
11-Dec-2020 10:53:52.785 INFO [main] org.apache.catalina.core.StandardService.stopInternal Stopping service [Catalina]
11-Dec-2020 10:53:52.812 INFO [main] org.apache.coyote.AbstractProtocol.stop Stopping ProtocolHandler ["http-nio-8080"]
11-Dec-2020 10:53:52.834 INFO [main] org.apache.coyote.AbstractProtocol.destroy Destroying ProtocolHandler ["http-nio-8080"]
11-Dec-2020 10:54:07.882 INFO [main] org.apache.catalina.startup.VersionLoggerListener.log Server version name:   Apache Tomcat/9.0.39
11-Dec-2020 10:54:07.885 INFO [main] org.apache.catalina.startup.VersionLoggerListener.log Server built:          Oct 6 2020 14:11:46 UTC
11-Dec-2020 10:54:07.886 INFO [main] org.apache.catalina.startup.VersionLoggerListener.log Server version number: 9.0.39.0
11-Dec-2020 10:54:07.886 INFO [main] org.apache.catalina.startup.VersionLoggerListener.log OS Name:               Mac OS X
11-Dec-2020 10:54:07.886 INFO [main] org.apache.catalina.startup.VersionLoggerListener.log OS Version:            10.16
11-Dec-2020 10:54:07.886 INFO [main] org.apache.catalina.startup.VersionLoggerListener.log Architecture:          x86_64
11-Dec-2020 10:54:07.886 INFO [main] org.apache.catalina.startup.VersionLoggerListener.log Java Home:             /Library/Java/JavaVirtualMachines/adoptopenjdk-11.jdk/Contents/Home
11-Dec-2020 10:54:07.886 INFO [main] org.apache.catalina.startup.VersionLoggerListener.log JVM Version:           11.0.8+10
11-Dec-2020 10:54:07.886 INFO [main] org.apache.catalina.startup.VersionLoggerListener.log JVM Vendor:            AdoptOpenJDK
11-Dec-2020 10:54:07.886 INFO [main] org.apache.catalina.startup.VersionLoggerListener.log CATALINA_BASE:         /Users/argenisdominguez/Desktop/Project0/apache-tomcat-9.0.39
11-Dec-2020 10:54:07.886 INFO [main] org.apache.catalina.startup.VersionLoggerListener.log CATALINA_HOME:         /Users/argenisdominguez/Desktop/Project0/apache-tomcat-9.0.39
11-Dec-2020 10:54:07.898 INFO [main] org.apache.catalina.startup.VersionLoggerListener.log Command line argument: --add-opens=java.base/java.lang=ALL-UNNAMED
11-Dec-2020 10:54:07.898 INFO [main] org.apache.catalina.startup.VersionLoggerListener.log Command line argument: --add-opens=java.base/java.io=ALL-UNNAMED
11-Dec-2020 10:54:07.899 INFO [main] org.apache.catalina.startup.VersionLoggerListener.log Command line argument: --add-opens=java.rmi/sun.rmi.transport=ALL-UNNAMED
11-Dec-2020 10:54:07.899 INFO [main] org.apache.catalina.startup.VersionLoggerListener.log Command line argument: -Djava.util.logging.config.file=/Users/argenisdominguez/Desktop/Project0/apache-tomcat-9.0.39/conf/logging.properties
11-Dec-2020 10:54:07.899 INFO [main] org.apache.catalina.startup.VersionLoggerListener.log Command line argument: -Djava.util.logging.manager=org.apache.juli.ClassLoaderLogManager
11-Dec-2020 10:54:07.899 INFO [main] org.apache.catalina.startup.VersionLoggerListener.log Command line argument: -Djdk.tls.ephemeralDHKeySize=2048
11-Dec-2020 10:54:07.899 INFO [main] org.apache.catalina.startup.VersionLoggerListener.log Command line argument: -Djava.protocol.handler.pkgs=org.apache.catalina.webresources
11-Dec-2020 10:54:07.899 INFO [main] org.apache.catalina.startup.VersionLoggerListener.log Command line argument: -Dorg.apache.catalina.security.SecurityListener.UMASK=0027
11-Dec-2020 10:54:07.899 INFO [main] org.apache.catalina.startup.VersionLoggerListener.log Command line argument: -Dignore.endorsed.dirs=
11-Dec-2020 10:54:07.900 INFO [main] org.apache.catalina.startup.VersionLoggerListener.log Command line argument: -Dcatalina.base=/Users/argenisdominguez/Desktop/Project0/apache-tomcat-9.0.39
11-Dec-2020 10:54:07.900 INFO [main] org.apache.catalina.startup.VersionLoggerListener.log Command line argument: -Dcatalina.home=/Users/argenisdominguez/Desktop/Project0/apache-tomcat-9.0.39
11-Dec-2020 10:54:07.900 INFO [main] org.apache.catalina.startup.VersionLoggerListener.log Command line argument: -Djava.io.tmpdir=/Users/argenisdominguez/Desktop/Project0/apache-tomcat-9.0.39/temp
11-Dec-2020 10:54:07.901 INFO [main] org.apache.catalina.core.AprLifecycleListener.lifecycleEvent The Apache Tomcat Native library which allows using OpenSSL was not found on the java.library.path: [/Users/argenisdominguez/Library/Java/Extensions:/Library/Java/Extensions:/Network/Library/Java/Extensions:/System/Library/Java/Extensions:/usr/lib/java:.]
11-Dec-2020 10:54:08.153 INFO [main] org.apache.coyote.AbstractProtocol.init Initializing ProtocolHandler ["http-nio-8080"]
11-Dec-2020 10:54:08.193 INFO [main] org.apache.catalina.startup.Catalina.load Server initialization in [483] milliseconds
11-Dec-2020 10:54:08.233 INFO [main] org.apache.catalina.core.StandardService.startInternal Starting service [Catalina]
11-Dec-2020 10:54:08.233 INFO [main] org.apache.catalina.core.StandardEngine.startInternal Starting Servlet engine: [Apache Tomcat/9.0.39]
11-Dec-2020 10:54:08.246 INFO [main] org.apache.catalina.startup.HostConfig.deployWAR Deploying web application archive [/Users/argenisdominguez/Desktop/Project0/apache-tomcat-9.0.39/webapps/project0.war]
11-Dec-2020 10:54:08.722 INFO [main] org.apache.jasper.servlet.TldScanner.scanJars At least one JAR was scanned for TLDs yet contained no TLDs. Enable debug logging for this logger for a complete list of JARs that were scanned but no TLDs were found in them. Skipping unneeded JARs during scanning can improve startup time and JSP compilation time.
11-Dec-2020 10:54:08.755 INFO [main] org.apache.catalina.startup.HostConfig.deployWAR Deployment of web application archive [/Users/argenisdominguez/Desktop/Project0/apache-tomcat-9.0.39/webapps/project0.war] has finished in [509] ms
11-Dec-2020 10:54:08.756 INFO [main] org.apache.catalina.startup.HostConfig.deployDirectory Deploying web application directory [/Users/argenisdominguez/Desktop/Project0/apache-tomcat-9.0.39/webapps/docs]
11-Dec-2020 10:54:08.770 INFO [main] org.apache.catalina.startup.HostConfig.deployDirectory Deployment of web application directory [/Users/argenisdominguez/Desktop/Project0/apache-tomcat-9.0.39/webapps/docs] has finished in [14] ms
11-Dec-2020 10:54:08.770 INFO [main] org.apache.catalina.startup.HostConfig.deployDirectory Deploying web application directory [/Users/argenisdominguez/Desktop/Project0/apache-tomcat-9.0.39/webapps/manager]
11-Dec-2020 10:54:08.794 INFO [main] org.apache.catalina.startup.HostConfig.deployDirectory Deployment of web application directory [/Users/argenisdominguez/Desktop/Project0/apache-tomcat-9.0.39/webapps/manager] has finished in [24] ms
11-Dec-2020 10:54:08.794 INFO [main] org.apache.catalina.startup.HostConfig.deployDirectory Deploying web application directory [/Users/argenisdominguez/Desktop/Project0/apache-tomcat-9.0.39/webapps/examples]
11-Dec-2020 10:54:08.976 INFO [main] org.apache.catalina.startup.HostConfig.deployDirectory Deployment of web application directory [/Users/argenisdominguez/Desktop/Project0/apache-tomcat-9.0.39/webapps/examples] has finished in [182] ms
11-Dec-2020 10:54:08.976 INFO [main] org.apache.catalina.startup.HostConfig.deployDirectory Deploying web application directory [/Users/argenisdominguez/Desktop/Project0/apache-tomcat-9.0.39/webapps/ROOT]
11-Dec-2020 10:54:08.988 INFO [main] org.apache.catalina.startup.HostConfig.deployDirectory Deployment of web application directory [/Users/argenisdominguez/Desktop/Project0/apache-tomcat-9.0.39/webapps/ROOT] has finished in [12] ms
11-Dec-2020 10:54:08.988 INFO [main] org.apache.catalina.startup.HostConfig.deployDirectory Deploying web application directory [/Users/argenisdominguez/Desktop/Project0/apache-tomcat-9.0.39/webapps/host-manager]
11-Dec-2020 10:54:09.003 INFO [main] org.apache.catalina.startup.HostConfig.deployDirectory Deployment of web application directory [/Users/argenisdominguez/Desktop/Project0/apache-tomcat-9.0.39/webapps/host-manager] has finished in [15] ms
11-Dec-2020 10:54:09.007 INFO [main] org.apache.coyote.AbstractProtocol.start Starting ProtocolHandler ["http-nio-8080"]
11-Dec-2020 10:54:09.014 INFO [main] org.apache.catalina.startup.Catalina.start Server startup in [820] milliseconds
11-Dec-2020 11:05:32.676 INFO [main] org.apache.catalina.core.StandardServer.await A valid shutdown command was received via the shutdown port. Stopping the Server instance.
11-Dec-2020 11:05:32.678 INFO [main] org.apache.coyote.AbstractProtocol.pause Pausing ProtocolHandler ["http-nio-8080"]
11-Dec-2020 11:05:32.688 INFO [main] org.apache.catalina.core.StandardService.stopInternal Stopping service [Catalina]
11-Dec-2020 11:05:32.748 WARNING [main] org.apache.catalina.loader.WebappClassLoaderBase.clearReferencesJdbc The web application [project0] registered the JDBC driver [org.postgresql.Driver] but failed to unregister it when the web application was stopped. To prevent a memory leak, the JDBC Driver has been forcibly unregistered.
11-Dec-2020 11:05:32.748 WARNING [main] org.apache.catalina.loader.WebappClassLoaderBase.clearReferencesJdbc The web application [project0] registered the JDBC driver [org.postgresql.Driver] but failed to unregister it when the web application was stopped. To prevent a memory leak, the JDBC Driver has been forcibly unregistered.
11-Dec-2020 11:05:32.749 WARNING [main] org.apache.catalina.loader.WebappClassLoaderBase.clearReferencesThreads The web application [project0] appears to have started a thread named [Log4j2-TF-2-Scheduled-1] but has failed to stop it. This is very likely to create a memory leak. Stack trace of thread:
 java.base@11.0.8/jdk.internal.misc.Unsafe.park(Native Method)
 java.base@11.0.8/java.util.concurrent.locks.LockSupport.parkNanos(LockSupport.java:234)
 java.base@11.0.8/java.util.concurrent.locks.AbstractQueuedSynchronizer$ConditionObject.awaitNanos(AbstractQueuedSynchronizer.java:2123)
 java.base@11.0.8/java.util.concurrent.ScheduledThreadPoolExecutor$DelayedWorkQueue.take(ScheduledThreadPoolExecutor.java:1182)
 java.base@11.0.8/java.util.concurrent.ScheduledThreadPoolExecutor$DelayedWorkQueue.take(ScheduledThreadPoolExecutor.java:899)
 java.base@11.0.8/java.util.concurrent.ThreadPoolExecutor.getTask(ThreadPoolExecutor.java:1054)
 java.base@11.0.8/java.util.concurrent.ThreadPoolExecutor.runWorker(ThreadPoolExecutor.java:1114)
 java.base@11.0.8/java.util.concurrent.ThreadPoolExecutor$Worker.run(ThreadPoolExecutor.java:628)
 java.base@11.0.8/java.lang.Thread.run(Thread.java:834)
11-Dec-2020 11:05:32.753 INFO [main] org.apache.coyote.AbstractProtocol.stop Stopping ProtocolHandler ["http-nio-8080"]
11-Dec-2020 11:05:32.796 INFO [main] org.apache.coyote.AbstractProtocol.destroy Destroying ProtocolHandler ["http-nio-8080"]
